Start testing: Nov 15 21:22 PST
----------------------------------------------------------
39/348 Testing: StorageTest.BasicWriteAndRead
39/348 Test: StorageTest.BasicWriteAndRead
Command: "/Users/vobbilis/go/src/github.com/vobbilis/codegen/mytsdb/test/unit/tsdb_storage_unit_tests" "--gtest_filter=StorageTest.BasicWriteAndRead" "--gtest_also_run_disabled_tests"
Directory: /Users/vobbilis/go/src/github.com/vobbilis/codegen/mytsdb/test/unit
"StorageTest.BasicWriteAndRead" start time: Nov 15 21:22 PST
Output:
----------------------------------------------------------
dyld[85517]: Library not loaded: @rpath/libtsdb_lib.1.dylib
  Referenced from: <ADF70927-6A56-3EFD-94BA-4733B4F8B05E> /Users/vobbilis/go/src/github.com/vobbilis/codegen/mytsdb/test/unit/tsdb_storage_unit_tests
  Reason: tried: '/Users/vobbilis/go/src/github.com/vobbilis/codegen/mytsdb/src/libtsdb_lib.1.dylib' (no such file), '/System/Volumes/Preboot/Cryptexes/OS/Users/vobbilis/go/src/github.com/vobbilis/codegen/mytsdb/src/libtsdb_lib.1.dylib' (no such file), '/Users/vobbilis/go/src/github.com/vobbilis/codegen/mytsdb/src/tsdb/libtsdb_lib.1.dylib' (no such file), '/System/Volumes/Preboot/Cryptexes/OS/Users/vobbilis/go/src/github.com/vobbilis/codegen/mytsdb/src/tsdb/libtsdb_lib.1.dylib' (no such file), '/Users/vobbilis/go/src/github.com/vobbilis/codegen/mytsdb/src/tsdb/otel/libtsdb_lib.1.dylib' (no such file), '/System/Volumes/Preboot/Cryptexes/OS/Users/vobbilis/go/src/github.com/vobbilis/codegen/mytsdb/src/tsdb/otel/libtsdb_lib.1.dylib' (no such file), '/Users/vobbilis/go/src/github.com/vobbilis/codegen/mytsdb/src/tsdb/storage/libtsdb_lib.1.dylib' (no such file), '/System/Volumes/Preboot/Cryptexes/OS/Users/vobbilis/go/src/github.com/vobbilis/codegen/mytsdb/src/tsdb/storage/libtsdb_lib.1.dylib' (no such file), '/Users/vobbilis/go/src/github.com/vobbilis/codegen/mytsdb/src/tsdb/histogram/libtsdb_lib.1.dylib' (no such file), '/System/Volumes/Preboot/Cryptexes/OS/Users/vobbilis/go/src/github.com/vobbilis/codegen/mytsdb/src/tsdb/histogram/libtsdb_lib.1.dylib' (no such file), '/Users/vobbilis/go/src/github.com/vobbilis/codegen/mytsdb/src/tsdb/core/libtsdb_lib.1.dylib' (no such file), '/System/Volumes/Preboot/Cryptexes/OS/Users/vobbilis/go/src/github.com/vobbilis/codegen/mytsdb/src/tsdb/core/libtsdb_lib.1.dylib' (no such file), '/opt/homebrew/lib/libtsdb_lib.1.dylib' (no such file), '/System/Volumes/Preboot/Cryptexes/OS/opt/homebrew/lib/libtsdb_lib.1.dylib' (no such file), '/Users/vobbilis/go/src/github.com/vobbilis/codegen/mytsdb/src/libtsdb_lib.1.dylib' (no such file), '/System/Volumes/Preboot/Cryptexes/OS/Users/vobbilis/go/src/github.com/vobbilis/codegen/mytsdb/src/libtsdb_lib.1.dylib' (no such file), '/Users/vobbilis/go/src/github.com/vobbilis/codegen/mytsdb/src/tsdb/libtsdb_lib.1.dylib' (no such file), '/System/Volumes/Preboot/Cryptexes/OS/Users/vobbilis/go/src/github.com/vobbilis/codegen/mytsdb/src/tsdb/libtsdb_lib.1.dylib' (no such file), '/Users/vobbilis/go/src/github.com/vobbilis/codegen/mytsdb/src/tsdb/otel/libtsdb_lib.1.dylib' (no such file), '/System/Volumes/Preboot/Cryptexes/OS/Users/vobbilis/go/src/github.com/vobbilis/codegen/mytsdb/src/tsdb/otel/libtsdb_lib.1.dylib' (no such file), '/Users/vobbilis/go/src/github.com/vobbilis/codegen/mytsdb/src/tsdb/storage/libtsdb_lib.1.dylib' (no such file), '/System/Volumes/Preboot/Cryptexes/OS/Users/vobbilis/go/src/github.com/vobbilis/codegen/mytsdb/src/tsdb/storage/libtsdb_lib.1.dylib' (no such file), '/Users/vobbilis/go/src/github.com/vobbilis/codegen/mytsdb/src/tsdb/histogram/libtsdb_lib.1.dylib' (no such file), '/System/Volumes/Preboot/Cryptexes/OS/Users/vobbilis/go/src/github.com/vobbilis/codegen/mytsdb/src/tsdb/histogram/libtsdb_lib.1.dylib' (no such file), '/Users/vobbilis/go/src/github.com/vobbilis/codegen/mytsdb/src/tsdb/core/libtsdb_lib.1.dylib' (no such file), '/System/Volumes/Preboot/Cryptexes/OS/Users/vobbilis/go/src/github.com/vobbilis/codegen/mytsdb/src/tsdb/core/libtsdb_lib.1.dylib' (no such file), '/opt/homebrew/lib/libtsdb_lib.1.dylib' (no such file), '/System/Volumes/Preboot/Cryptexes/OS/opt/homebrew/lib/libtsdb_lib.1.dylib' (no such file), '/usr/local/lib/libtsdb_lib.1.dylib' (no such file), '/usr/lib/libtsdb_lib.1.dylib' (no such file, not in dyld cache)
<end of output>
Test time =   0.34 sec
----------------------------------------------------------
Test Failed.
"StorageTest.BasicWriteAndRead" end time: Nov 15 21:22 PST
"StorageTest.BasicWriteAndRead" time elapsed: 00:00:00
----------------------------------------------------------

99/348 Testing: StorageTest.BasicWriteAndRead
99/348 Test: StorageTest.BasicWriteAndRead
Command: "/Users/vobbilis/go/src/github.com/vobbilis/codegen/mytsdb/test/unit/tsdb_integration_tests" "--gtest_filter=StorageTest.BasicWriteAndRead" "--gtest_also_run_disabled_tests"
Directory: /Users/vobbilis/go/src/github.com/vobbilis/codegen/mytsdb/test/unit
"StorageTest.BasicWriteAndRead" start time: Nov 15 21:22 PST
Output:
----------------------------------------------------------
dyld[85518]: Library not loaded: @rpath/libtsdb_lib.1.dylib
  Referenced from: <F964555C-E75A-3611-8AA3-7F1F7A46E282> /Users/vobbilis/go/src/github.com/vobbilis/codegen/mytsdb/test/unit/tsdb_integration_tests
  Reason: tried: '/Users/vobbilis/go/src/github.com/vobbilis/codegen/mytsdb/src/libtsdb_lib.1.dylib' (no such file), '/System/Volumes/Preboot/Cryptexes/OS/Users/vobbilis/go/src/github.com/vobbilis/codegen/mytsdb/src/libtsdb_lib.1.dylib' (no such file), '/Users/vobbilis/go/src/github.com/vobbilis/codegen/mytsdb/src/tsdb/libtsdb_lib.1.dylib' (no such file), '/System/Volumes/Preboot/Cryptexes/OS/Users/vobbilis/go/src/github.com/vobbilis/codegen/mytsdb/src/tsdb/libtsdb_lib.1.dylib' (no such file), '/Users/vobbilis/go/src/github.com/vobbilis/codegen/mytsdb/src/tsdb/otel/libtsdb_lib.1.dylib' (no such file), '/System/Volumes/Preboot/Cryptexes/OS/Users/vobbilis/go/src/github.com/vobbilis/codegen/mytsdb/src/tsdb/otel/libtsdb_lib.1.dylib' (no such file), '/Users/vobbilis/go/src/github.com/vobbilis/codegen/mytsdb/src/tsdb/storage/libtsdb_lib.1.dylib' (no such file), '/System/Volumes/Preboot/Cryptexes/OS/Users/vobbilis/go/src/github.com/vobbilis/codegen/mytsdb/src/tsdb/storage/libtsdb_lib.1.dylib' (no such file), '/Users/vobbilis/go/src/github.com/vobbilis/codegen/mytsdb/src/tsdb/histogram/libtsdb_lib.1.dylib' (no such file), '/System/Volumes/Preboot/Cryptexes/OS/Users/vobbilis/go/src/github.com/vobbilis/codegen/mytsdb/src/tsdb/histogram/libtsdb_lib.1.dylib' (no such file), '/Users/vobbilis/go/src/github.com/vobbilis/codegen/mytsdb/src/tsdb/core/libtsdb_lib.1.dylib' (no such file), '/System/Volumes/Preboot/Cryptexes/OS/Users/vobbilis/go/src/github.com/vobbilis/codegen/mytsdb/src/tsdb/core/libtsdb_lib.1.dylib' (no such file), '/opt/homebrew/lib/libtsdb_lib.1.dylib' (no such file), '/System/Volumes/Preboot/Cryptexes/OS/opt/homebrew/lib/libtsdb_lib.1.dylib' (no such file), '/Users/vobbilis/go/src/github.com/vobbilis/codegen/mytsdb/src/libtsdb_lib.1.dylib' (no such file), '/System/Volumes/Preboot/Cryptexes/OS/Users/vobbilis/go/src/github.com/vobbilis/codegen/mytsdb/src/libtsdb_lib.1.dylib' (no such file), '/Users/vobbilis/go/src/github.com/vobbilis/codegen/mytsdb/src/tsdb/libtsdb_lib.1.dylib' (no such file), '/System/Volumes/Preboot/Cryptexes/OS/Users/vobbilis/go/src/github.com/vobbilis/codegen/mytsdb/src/tsdb/libtsdb_lib.1.dylib' (no such file), '/Users/vobbilis/go/src/github.com/vobbilis/codegen/mytsdb/src/tsdb/otel/libtsdb_lib.1.dylib' (no such file), '/System/Volumes/Preboot/Cryptexes/OS/Users/vobbilis/go/src/github.com/vobbilis/codegen/mytsdb/src/tsdb/otel/libtsdb_lib.1.dylib' (no such file), '/Users/vobbilis/go/src/github.com/vobbilis/codegen/mytsdb/src/tsdb/storage/libtsdb_lib.1.dylib' (no such file), '/System/Volumes/Preboot/Cryptexes/OS/Users/vobbilis/go/src/github.com/vobbilis/codegen/mytsdb/src/tsdb/storage/libtsdb_lib.1.dylib' (no such file), '/Users/vobbilis/go/src/github.com/vobbilis/codegen/mytsdb/src/tsdb/histogram/libtsdb_lib.1.dylib' (no such file), '/System/Volumes/Preboot/Cryptexes/OS/Users/vobbilis/go/src/github.com/vobbilis/codegen/mytsdb/src/tsdb/histogram/libtsdb_lib.1.dylib' (no such file), '/Users/vobbilis/go/src/github.com/vobbilis/codegen/mytsdb/src/tsdb/core/libtsdb_lib.1.dylib' (no such file), '/System/Volumes/Preboot/Cryptexes/OS/Users/vobbilis/go/src/github.com/vobbilis/codegen/mytsdb/src/tsdb/core/libtsdb_lib.1.dylib' (no such file), '/opt/homebrew/lib/libtsdb_lib.1.dylib' (no such file), '/System/Volumes/Preboot/Cryptexes/OS/opt/homebrew/lib/libtsdb_lib.1.dylib' (no such file), '/usr/local/lib/libtsdb_lib.1.dylib' (no such file), '/usr/lib/libtsdb_lib.1.dylib' (no such file, not in dyld cache)
<end of output>
Test time =   0.35 sec
----------------------------------------------------------
Test Failed.
"StorageTest.BasicWriteAndRead" end time: Nov 15 21:22 PST
"StorageTest.BasicWriteAndRead" time elapsed: 00:00:00
----------------------------------------------------------

End testing: Nov 15 21:22 PST
